/*C1*/SET SCHEMA SYSTEM_LOBS
INSERT INTO BLOCKS VALUES(0,2147483647,0)
COMMIT
/*C2*/SET SCHEMA PUBLIC
CREATE TABLE usuario (cod_usuario INTEGER, CONSTRAINT usuario_pk PRIMARY KEY(cod_usuario))
CREATE TABLE administrador (cod_usuario INTEGER, rol VARCHAR(10), CONSTRAINT administrador_pk PRIMARY KEY(cod_usuario), CONSTRAINT administrador_fk FOREIGN KEY(cod_usuario) REFERENCES usuario(cod_usuario))
CREATE TABLE socio (cod_usuario INTEGER, CONSTRAINT socio_pk PRIMARY KEY(cod_usuario), CONSTRAINT socio_fk FOREIGN KEY(cod_usuario) REFERENCES usuario(cod_usuario))
CREATE TABLE instalacion (cod_instalacion INTEGER,nombre_instalacion VARCHAR(15),CONSTRAINT instalacion_pk PRIMARY KEY(cod_instalacion))
CREATE TABLE reserva (cod_instalacion INTEGER, cod_usuario INTEGER, fecha DATETIME, CONSTRAINT reserva_pk PRIMARY KEY(cod_instalacion,cod_usuario,fecha), CONSTRAINT reserva_instalacion_fk FOREIGN KEY(cod_instalacion) REFERENCES instalacion(cod_instalacion)\u000a, CONSTRAINT reserva_usuario_fk FOREIGN KEY(cod_usuario) REFERENCES usuario(cod_usuario))
INSERT INTO USUARIO VALUES(1)
COMMIT
INSERT INTO USUARIO VALUES(2)
COMMIT
INSERT INTO USUARIO VALUES(3)
COMMIT
INSERT INTO ADMINISTRADOR VALUES(1,'direccion')
COMMIT
INSERT INTO SOCIO VALUES(2)
COMMIT
INSERT INTO SOCIO VALUES(3)
COMMIT
INSERT INTO INSTALACION VALUES(1,'gimnasio')
COMMIT
INSERT INTO INSTALACION VALUES(2,'p futbol')
COMMIT
INSERT INTO INSTALACION VALUES(3,'p baloncesto')
COMMIT
INSERT INTO RESERVA VALUES(1,1,'2016-10-08 21:00:00.000000')
COMMIT
INSERT INTO RESERVA VALUES(1,2,'2016-10-03 16:00:00.000000')
COMMIT
INSERT INTO RESERVA VALUES(1,1,'2016-10-03 12:00:00.000000')
COMMIT
INSERT INTO RESERVA VALUES(1,3,'2016-10-03 09:00:00.000000')
COMMIT
INSERT INTO RESERVA VALUES(1,2,'2016-10-03 21:00:00.000000')
COMMIT
INSERT INTO RESERVA VALUES(3,2,'2016-10-06 20:00:00.000000')
COMMIT
INSERT INTO RESERVA VALUES(3,1,'2016-10-06 16:00:00.000000')
COMMIT
INSERT INTO RESERVA VALUES(2,3,'2016-10-06 20:00:00.000000')
COMMIT
INSERT INTO RESERVA VALUES(2,1,'2016-10-06 20:00:00.000000')
COMMIT
/*C3*/SET SCHEMA PUBLIC
DISCONNECT
/*C4*/SET SCHEMA PUBLIC
DISCONNECT
/*C5*/SET SCHEMA PUBLIC
DISCONNECT
/*C6*/SET SCHEMA PUBLIC
DISCONNECT
/*C7*/SET SCHEMA PUBLIC
DISCONNECT
/*C8*/SET SCHEMA PUBLIC
DISCONNECT
/*C9*/SET SCHEMA PUBLIC
DISCONNECT
/*C10*/SET SCHEMA PUBLIC
DISCONNECT
/*C11*/SET SCHEMA PUBLIC
DISCONNECT
/*C13*/SET SCHEMA PUBLIC
DISCONNECT
/*C14*/SET SCHEMA PUBLIC
DISCONNECT
/*C15*/SET SCHEMA PUBLIC
DISCONNECT
/*C16*/SET SCHEMA PUBLIC
DISCONNECT
/*C17*/SET SCHEMA PUBLIC
DISCONNECT
/*C18*/SET SCHEMA PUBLIC
DISCONNECT
/*C19*/SET SCHEMA PUBLIC
DISCONNECT
/*C20*/SET SCHEMA PUBLIC
DISCONNECT
/*C21*/SET SCHEMA PUBLIC
DISCONNECT
/*C22*/SET SCHEMA PUBLIC
DISCONNECT
/*C23*/SET SCHEMA PUBLIC
DISCONNECT
/*C24*/SET SCHEMA PUBLIC
DISCONNECT
/*C25*/SET SCHEMA PUBLIC
DISCONNECT
/*C26*/SET SCHEMA PUBLIC
DISCONNECT
/*C27*/SET SCHEMA PUBLIC
DISCONNECT
/*C28*/SET SCHEMA PUBLIC
DISCONNECT
/*C29*/SET SCHEMA PUBLIC
DISCONNECT
/*C30*/SET SCHEMA PUBLIC
DISCONNECT
/*C31*/SET SCHEMA PUBLIC
DISCONNECT
/*C32*/SET SCHEMA PUBLIC
DISCONNECT
/*C33*/SET SCHEMA PUBLIC
DISCONNECT
/*C34*/SET SCHEMA PUBLIC
DISCONNECT
/*C35*/SET SCHEMA PUBLIC
DISCONNECT
/*C36*/SET SCHEMA PUBLIC
DISCONNECT
/*C37*/SET SCHEMA PUBLIC
DISCONNECT
/*C38*/SET SCHEMA PUBLIC
DISCONNECT
/*C39*/SET SCHEMA PUBLIC
DISCONNECT
/*C40*/SET SCHEMA PUBLIC
DISCONNECT
/*C41*/SET SCHEMA PUBLIC
DISCONNECT
/*C42*/SET SCHEMA PUBLIC
DISCONNECT
/*C43*/SET SCHEMA PUBLIC
DISCONNECT
/*C44*/SET SCHEMA PUBLIC
DISCONNECT
/*C45*/SET SCHEMA PUBLIC
DISCONNECT
/*C46*/SET SCHEMA PUBLIC
DISCONNECT
/*C48*/SET SCHEMA PUBLIC
DISCONNECT
/*C49*/SET SCHEMA PUBLIC
DISCONNECT
/*C50*/SET SCHEMA PUBLIC
DISCONNECT
/*C51*/SET SCHEMA PUBLIC
DISCONNECT
/*C52*/SET SCHEMA PUBLIC
DISCONNECT
/*C47*/SET SCHEMA PUBLIC
DISCONNECT
/*C54*/SET SCHEMA PUBLIC
DISCONNECT
/*C55*/SET SCHEMA PUBLIC
DISCONNECT
/*C56*/SET SCHEMA PUBLIC
DISCONNECT
/*C57*/SET SCHEMA PUBLIC
DISCONNECT
/*C58*/SET SCHEMA PUBLIC
DISCONNECT
/*C59*/SET SCHEMA PUBLIC
DISCONNECT
/*C12*/SET SCHEMA PUBLIC
DISCONNECT
/*C53*/SET SCHEMA PUBLIC
DISCONNECT
